<?xml version="1.0" encoding="UTF-8"?>
<!-- Generated by org.testng.reporters.JUnitReportReporter -->
<testsuite skipped="0" hostname="IN-HK28TT2" name="com.testcases.GETAPITest" tests="2" failures="0" timestamp="20 Dec 2019 21:20:31 GMT" time="4.357" errors="0">
  <testcase name="getBookings" time="2.681" classname="com.testcases.GETAPITest"/>
  <testcase name="getBooking" time="1.676" classname="com.testcases.GETAPITest"/>
</testsuite> <!-- com.testcases.GETAPITest -->
