<?xml version="1.0" encoding="UTF-8"?>
<!-- Generated by org.testng.reporters.JUnitReportReporter -->
<testsuite skipped="0" hostname="IN-HK28TT2" name="com.testcases.POSTAPITest" tests="1" failures="0" timestamp="20 Dec 2019 21:20:31 GMT" time="0.953" errors="0">
  <testcase name="createBooking" time="0.953" classname="com.testcases.POSTAPITest"/>
</testsuite> <!-- com.testcases.POSTAPITest -->
